*** ENVIRONMENT CRASH ***

Date: Nov 14 2018 5:34 PM

File Name: C:\Program Files (x86)\Ready to Program\Ready.exe
Version: 1.7  [11]
File Size: 2904103
File Date: Oct 2 2003 4:13 PM
Operating System: After Windows XP
JVM: Ready Built-in JRE (1.4.2 or later)
"assert" Statements: disabled


Cause of Crash: Breakpoint Reached

Previous Operations:
    нннннннннннннннннннннннннннннннннннннннннннннннннннннннннннннннннннннннннннннннннннннннннннннннннннннннннннннннннннннннннннннннннннннннннннннннннннннннннннннннннннннннннннннннннннннннннннннннннннннннннннннннннннннннннннннннннннннннннннннннннннннннннннннннннннннннннннннннннннннннннннннннннннннннннннннннннннннннннннннннннннннннннннннннннннннннннннннннннннннннннннннннннннннннннннннннннннннннннннннннннннннннннннннннннннннннннннннннннннннннннннннннннннннннннннннннннннннннннннннннннннннннннннннннннннннннннннннннн h}CЫР
    ннннннннннннннннннннннннннннннннннннннннннннннннннннннннннннннннннннннннннннннннннннннннннннннннннннннннннннннннннннннннннннннннннннннннннннннннннннннннннннннннннннннннннннннннннннннннннннннннннннннннннннннннннннннннннннннннннннннннннннннннннннннннннннннннннннннннннннннннннннннннннннннннннннннннннннннннннннннннннннннннннннннннннннннннннннннннннннннннннннннннннннннннннннннннннннннннннннннннннннннннннннннннннннннннннннннннннннннннннннннннннннннннннннннннннннннннннннннннннннннннннннннннннннннннннннннннннннннннE
    ннннннннннннннннннннннннннннннннннннннннннннннннннннннннннннннннннннннннннннннннннннннннннннннннннннннннннннннннннннннннннннннннннннннннннннннннннннннннннннннннннннннннннннннннннннннннннннннннннннннннннннннннннннннннннннннннннннннннннннннннннннннннннннннннннннннннннннннннннннннннннннннннннннннннннннннннннннннннннннннннннннннннннннннннннннннннннннннннннннннннннннннннннннннннннннннннннннннннннннннннннннннннннннннннннннннннннннннннннннннннннннннннннннннннннннннннннннннннннннннннннннннннннннннннннннннннннннннннE
    ннннннннннннннннннннннннннннннннннннннннннннннннннннннннннннннннннннннннннннннннннннннннннннннннннннннннннннннннннннннннннннннннннннннннннннннннннннннннннннннннннннннннннннннннннннннннннннннннннннннннннннннннннннннннннннннннннннннннннннннннннннннннннннннннннннннннннннннннннннннннннннннннннннннннннннннннннннннннннннннннннннннннннннннннннннннннннннннннннннннннннннннннннннннннннннннннннннннннннннннннннннннннннннннннннннннннннннннннннннннннннннннннннннннннннннннннннннннннннннннннннннннннннннннннннннннннннннннннE
    нннннннннннннннннннннннннннннннннннннннннннннннннннннннннннннннннннннннннннннннннннннннннннннннннннннннннннннннннннннннннннннннннннннннннннннннннннннннннннннннннннннннннннннннннннннннннннннннннннннннннннннннннннннннннннннннннннннннннннннннннннннннннннннннннннннннннннннннннннннннннннннннннннннннннннннннннннннннннннннннннннннннннннннннннннннннннннннннннннннннннннннннннннннннннннннннннннннннннннннннннннннннннннннннннннннннннннннннннннннннннннннннннннннннннннннннннннннннннннннннннннннннннннннннннннннннн
    нннннннннннннннннннннннннннннннннннннннннннннннннннннннннннннннннннннннннннннннннннннннннннннннннннннннннннннннннннннннннннннннннннннннннннннннннннннннннннннннннннннннннннннннннннннннннннннннннннннннннннннннннннннннннннннннннннннннннннннннннннннннннннннннннннннннннннннннннннннннннннннннннннннннннннннннннннннннннннннннннннннннннннннннннннннннннннннннннннннннннннннннннннннннннннннннннннннннннннннннннннннннннннннннннннннннннннннннннннннннннннннннннннннннннннннннннннннннннннннннннннннннннннннннннннннннн
    нннннннннннннннннннннннннннннннннннннннннннннннннннннннннннннннннннннннннннннннннннннннннннннннннннннннннннннннннннннннннннннннннннннннннннннннннннннннннннннннннннннннннннннннннннннннннннннннннннннннннннннннннннннннннннннннннннннннннннннннннннннннннннннннннннннннннннннннннннннннннннннннннннннннннннннннннннннннннннннннннннннннннннннннннннннннннннннннннннннннннннннннннннннннннннннннннннннннннннннннннннннннннннннннннннннннннннннннннннннннннннннннннннннннннннннннннннннннннннннннннннннннннннннннннннннннн
    нннннннннннннннннннннннннннннннннннннннннннннннннннннннннннннннннннннннннннннннннннннннннннннннннннннннннннннннннннннннннннннннннннннннннннннннннннннннннннннннннннннннннннннннннннннннннннннннннннннннннннннннннннннннннннннннннннннннннннннннннннннннннннннннннннннннннннннннннннннннннннннннннннннннннннннннннннннннннннннннннннннннннннннннннннннннннннннннннннннннннннннннннннннннннннннннннннннннннннннннннннннннннннннннннннннннннннннннннннннннннннннннннннннннннннннннннннннннннннннннннннннннннннннннннннннннн
    нннннннннннннннннннннннннннннннннннннннннннннннннннннннннннннннннннннннннннннннннннннннннннннннннннннннннннннннннннннннннннннннннннннннннннннннннннннннннннннннннннннннннннннннннннннннннннннннннннннннннннннннннннннннннннннннннннннннннннннннннннннннннннннннннннннннннннннннннннннннннннннннннннннннннннннннннннннннннннннннннннннннннннннннннннннннннннннннннннннннннннннннннннннннннннннннннннннннннннннннннннннннннннннннннннннннннннннннннннннннннннннннннннннннннннннннннннннннннннннннннннннннннннннннннннннннн
    нннннннннннннннннннннннннннннннннннннннннннннннннннннннннннннннннннннннннннннннннннннннннннннннннннннннннннннннннннннннннннннннннннннннннннннннннннннннннннннннннннннннннннннннннннннннннннннннннннннннннннннннннннннннннннннннннннннннннннннннннннннннннннннннннннннннннннннннннннннннннннннннннннннннннннннннннннннннннннннннннннннннннннннннннннннннннннннннннннннннннннннннннннннннннннннннннннннннннннннннннннннннннннннннннннннннннннннннннннннннннннннннннннннннннннннннннннннннннннннннннннннннннннннннннннннннн
    нннннннннннннннннннннннннннннннннннннннннннннннннннннннннннннннннннннннннннннннннннннннннннннннннннннннннннннннннннннннннннннннннннннннннннннннннннннннннннннннннннннннннннннннннннннннннннннннннннннннннннннннннннннннннннннннннннннннннннннннннннннннннннннннннннннннннннннннннннннннннннннннннннннннннннннннннннннннннннннннннннннннннннннннннннннннннннннннннннннннннннннннннннннннннннннннннннннннннннннннннннннннннннннннннннннннннннннннннннннннннннннннннннннннннннннннннннннннннннннннннннннннннннннннннннннннн
    нннннннннннннннннннннннннннннннннннннннннннннннннннннннннннннннннннннннннннннннннннннннннннннннннннннннннннннннннннннннннннннннннннннннннннннннннннннннннннннннннннннннннннннннннннннннннннннннннннннннннннннннннннннннннннннннннннннннннннннннннннннннннннннннннннннннннннннннннннннннннннннннннннннннннннннннннннннннннннннннннннннннннннннннннннннннннннннннннннннннннннннннннннннннннннннннннннннннннннннннннннннннннннннннннннннннннннннннннннннннннннннннннннннннннннннннннннннннннннннннннннннннннннннннннннннннн
    нннннннннннннннннннннннннннннннннннннннннннннннннннннннннннннннннннннннннннннннннннннннннннннннннннннннннннннннннннннннннннннннннннннннннннннннннннннннннннннннннннннннннннннннннннннннннннннннннннннннннннннннннннннннннннннннннннннннннннннннннннннннннннннннннннннннннннннннннннннннннннннннннннннннннннннннннннннннннннннннннннннннннннннннннннннннннннннннннннннннннннннннннннннннннннннннннннннннннннннннннннннннннннннннннннннннннннннннннннннннннннннннннннннннннннннннннннннннннннннннннннннннннннннннннннннннн
    Command to Java Supervisor - "-java "C:\Program Files (x86)\Ready to Program\Support\jre142_01\bin\client\jvm.dll" -cp ".;C:\Program Files (x86)\Ready to Program\Support\Ready Classes;C:\Program Files (x86)\Ready to Program\Support\Classes;C:\Program Files (x86)\Ready to Program\Support\Ready Classes\tools.jar;" -class FinalGame -props F 25 80 10 "Courier New" 2 F 0 F 8 8 0 F T -applet "C:\Users\kkana\OneDrive\Documents\Kanav's School Documents\Grade 11\Connect 4 Comp Sci" "C:\Users\kkana\OneDrive\Documents\Kanav's School Documents\Grade 11\ConneJavaSup: -pipe 920 932 584 66904
    JavaSup: -pipe 920 932 584 66904
    JavaSup: JVM Option: "-Djava.class.path=.;C:\Program Files (x86)\Ready to Program\Support\Ready Classes;C:\Program Files (x86)\Ready to Program\Support\Classes;C:\Program Files (x86)\Ready to Program\Support\Ready Classes\tools.jar;"
    JavaSup: JVM Option: "-Djava.library.path=C:\Program Files (x86)\Ready to Program\Support\Bin"
    ct 4 Comp Sci" 300 200 џџ"
    JavaSup: JVM Option: "-Xdebug"
    JavaSup: JVM Option: "-Xrunjdwp:transport=dt_shmem,address=readyshmem,server=y,suspend=n"
  CMD: WM_ACTIVATE (W)
  CMD: WM_ACTIVATE (W)
  CMD: WM_SETFOCUS (W)
  CMD: COMMAND_RUN
    Run (1) - Window: 105ae - Ex: 1 - Args: 0 - Step: 0
    Jikes compiling FinalGame
    Command to Java Supervisor - "-java "C:\Program Files (x86)\Ready to Program\Support\jre142_01\bin\client\jvm.dll" -cp ".;C:\Program Files (x86)\Ready to Program\Support\Ready Classes;C:\Program Files (x86)\Ready to Program\Support\Classes;C:\Program Files (x86)\Ready to Program\Support\Ready Classes\tools.jar;" -class FinalGame -props F 25 80 10 "Courier New" 2 F 0 F 8 8 0 F T -applet "C:\Users\kkana\OneDrive\Documents\Kanav's School Documents\Grade 11\Connect 4 Comp Sci" "C:\Users\kkana\OneDrive\Documents\Kanav's School Documents\Grade 11\Connect 4 Comp Sci" 300 200 џџ"
    JavaSup: -pipe 920 932 584 66904
    JavaSup: JVM Option: "-Djava.class.path=.;C:\Program Files (x86)\Ready to Program\Support\Ready Classes;C:\Program Files (x86)\Ready to Program\Support\Classes;C:\Program Files (x86)\Ready to Program\Support\Ready Classes\tools.jar;"
    JavaSup: JVM Option: "-Djava.library.path=C:\Program Files (x86)\Ready to Program\Support\Bin"
    JavaSup: JVM Option: "-enableassertions"
    JavaSup: JVM Option: "-Xdebug"
    JavaSup: JVM Option: "-Xrunjdwp:transport=dt_shmem,address=readyshmem,server=y,suspend=n"
  CMD: WM_ACTIVATE (W)
  CMD: WM_ACTIVATE (W)
  CMD: WM_LBUTTONDOWN (D)
    Set Selection (1) - Text: 2839880 - L: 54 - C: 210
    Text - sz:428:12285 - slFr:0:0:0 - slTo:0:0:0 - nlA:0
    Line Starts: 425:12281 426:12283 427:12284 428:12285
    Set Selection (2) - sz:428:12285 - slFr:1385 - slTo:1385 - nlA:0
    Line Starts: 425:12281 426:12283 427:12284 428:12285
  CMD: WM_LBUTTONUP (D)
    Extend Selection - Text: 2839880 - L: 54 - C: 210 (x1)
    Text - sz:428:12285 - slFr:54:0:1385 - slTo:54:0:1385 - nlA:0
    Line Starts: 425:12281 426:12283 427:12284 428:12285
  CMD: WM_CLOSE (W)
  CMD: WM_ACTIVATE (W)
  CMD: WM_ACTIVATE (W)
  CMD: WM_ACTIVATE (W)
  CMD: WM_DESTROY (W)
  CMD: WM_DESTROY (D)


Registers
  EAX=00000001  EBX=00226000  ECX=00940000  EDX=00940000  ESI=0019E6A0
  EDI=0019FEF0  EBP=0019E650  ESP=0019E640  EIP=00524EEF  FLG=00000246
  CS=0023  DS=002B  SS=002B  ES=002B  FS=0053  GS=002B

List of Modules: 
    C:\Program Files (x86)\Ready to Program\Ready.exe
    C:\WINDOWS\SYSTEM32\ntdll.dll
    C:\WINDOWS\System32\KERNEL32.DLL
    C:\WINDOWS\System32\KERNELBASE.dll
    C:\WINDOWS\SYSTEM32\apphelp.dll
    C:\WINDOWS\System32\USER32.dll
    C:\WINDOWS\System32\win32u.dll
    C:\WINDOWS\System32\GDI32.dll
    C:\WINDOWS\System32\gdi32full.dll
    C:\WINDOWS\System32\msvcp_win.dll
    C:\WINDOWS\System32\ucrtbase.dll
    C:\WINDOWS\System32\comdlg32.dll
    C:\WINDOWS\System32\msvcrt.dll
    C:\WINDOWS\System32\combase.dll
    C:\WINDOWS\System32\RPCRT4.dll
    C:\WINDOWS\System32\SspiCli.dll
    C:\WINDOWS\System32\CRYPTBASE.dll
    C:\WINDOWS\System32\bcryptPrimitives.dll
    C:\WINDOWS\System32\sechost.dll
    C:\WINDOWS\System32\shcore.dll
    C:\WINDOWS\System32\SHLWAPI.dll
    C:\WINDOWS\System32\SHELL32.dll
    C:\WINDOWS\System32\cfgmgr32.dll
    C:\WINDOWS\WinSxS\x86_microsoft.windows.common-controls_6595b64144ccf1df_5.82.17134.345_none_40ff7c964511edcf\COMCTL32.dll
    C:\WINDOWS\System32\ADVAPI32.dll
    C:\WINDOWS\System32\windows.storage.dll
    C:\WINDOWS\System32\kernel.appcore.dll
    C:\WINDOWS\System32\profapi.dll
    C:\WINDOWS\System32\powrprof.dll
    C:\WINDOWS\System32\FLTLIB.DLL
    C:\WINDOWS\SYSTEM32\VERSION.dll
    C:\WINDOWS\SYSTEM32\WINMM.dll
    C:\WINDOWS\SYSTEM32\winmmbase.dll
    C:\WINDOWS\System32\IMM32.DLL
    C:\WINDOWS\system32\uxtheme.dll
    C:\WINDOWS\System32\MSCTF.dll
    C:\WINDOWS\System32\OLEAUT32.dll
    C:\Program Files (x86)\Ready to Program\Support\Bin\edjdll.dll
    C:\Program Files (x86)\Ready to Program\Support\jre142_01\bin\client\jvm.dll
    C:\Program Files (x86)\Ready to Program\Support\jre142_01\bin\hpi.dll
    C:\Program Files (x86)\Ready to Program\Support\jre142_01\bin\verify.dll
    C:\Program Files (x86)\Ready to Program\Support\jre142_01\bin\java.dll
    C:\Program Files (x86)\Ready to Program\Support\jre142_01\bin\zip.dll
    C:\WINDOWS\System32\TextInputFramework.dll
    C:\WINDOWS\System32\CoreUIComponents.dll
    C:\WINDOWS\System32\CoreMessaging.dll
    C:\WINDOWS\SYSTEM32\ntmarta.dll
    C:\WINDOWS\SYSTEM32\wintypes.dll
    C:\WINDOWS\system32\dwmapi.dll
    C:\WINDOWS\system32\Oleacc.dll
    C:\WINDOWS\WinSxS\x86_microsoft.windows.common-controls_6595b64144ccf1df_6.0.17134.345_none_42efd13044e18c5e\comctl32.DLL
    C:\Program Files (x86)\Ready to Program\Support\jre142_01\bin\dt_shmem.dll
    C:\Program Files (x86)\Ready to Program\Support\jre142_01\bin\net.dll
    C:\WINDOWS\System32\WS2_32.dll
    C:\WINDOWS\system32\napinsp.dll
    C:\WINDOWS\system32\pnrpnsp.dll
    C:\WINDOWS\system32\NLAapi.dll
    C:\WINDOWS\System32\mswsock.dll
    C:\WINDOWS\SYSTEM32\DNSAPI.dll
    C:\WINDOWS\System32\NSI.dll
    C:\WINDOWS\SYSTEM32\IPHLPAPI.DLL
    C:\WINDOWS\System32\winrnr.dll
    C:\WINDOWS\System32\fwpuclnt.dll
    C:\WINDOWS\SYSTEM32\bcrypt.dll
    C:\Windows\System32\rasadhlp.dll
    C:\WINDOWS\system32\Ninput.dll
    C:\WINDOWS\System32\ole32.dll
    C:\WINDOWS\SYSTEM32\dbghelp.dll

  0 .V PC=0023:00524eef Ret=00524cc1 Frame=0019e650 Stack=0019e640
    Parameters (0x02787638 0x00000001 0x0019fef0 0x0019e6a0)
    dbgheap.c, _free_dbg_lk (), Line 1066+0060 byte(s)
  1 .V PC=0023:00524cc1 Ret=00414cc7 Frame=0019e684 Stack=0019e658
    Parameters (0x02787638 0x00000001 0x0000000d 0x0019fef0)
    dbgheap.c, _free_dbg (), Line 1001+0013 byte(s)
  2 .V PC=0023:00414cc7 Ret=0040172b Frame=0019e698 Stack=0019e68c
    Parameters (0x0052bb70 0x0052bb70 0xcccccccc 0xcccccccc)
    src\edfail.c, EdFail_Finalize (), Line 0157+0018 byte(s)
  3 .V PC=0023:0040172b Ret=0052bc96 Frame=0019fef0 Stack=0019e6a0
    Parameters (0x00400000 0x00000000 0x00943a2c 0x00000001)
    src\ed.c, WinMain (), Line 0486+0000 byte(s)
  4 .V PC=0023:0052bc96 Ret=76fa8484 Frame=0019ff80 Stack=0019fef8
    Parameters (0x00226000 0x76fa8460 0x90191a18 0x0019ffdc)
    crt0.c, WinMainCRTStartup (), Line 0198+0054 byte(s)
  5 .V PC=0023:76fa8484 Ret=77c3305a Frame=0019ff94 Stack=0019ff88
    Parameters (0x00226000 0x140cc699 0x00000000 0x00000000)
    Unknown module, BaseThreadInitThunk() + 0036 byte(s)
  6 .V PC=0023:77c3305a Ret=77c3302a Frame=0019ffdc Stack=0019ff9c
    Parameters (0xffffffff 0x77c4eca9 0x00000000 0x00000000)
    Unknown module, RtlValidSecurityDescriptor() + 0282 byte(s)
  7 .V PC=0023:77c3302a Ret=00000000 Frame=0019ffec Stack=0019ffe4
    Parameters (0x0052bb70 0x00226000 0x00000000 0x78746341)
    Unknown module, RtlValidSecurityDescriptor() + 0234 byte(s)

------------------------------------------------------
*** ENVIRONMENT CRASH ***

Date: Nov 16 2018 7:29 PM

File Name: C:\Program Files (x86)\Ready to Program\Ready.exe
Version: 1.7  [11]
File Size: 2904103
File Date: Oct 2 2003 4:13 PM
Operating System: After Windows XP
JVM: Ready Built-in JRE (1.4.2 or later)
"assert" Statements: disabled


Cause of Crash: Access Violation

Previous Operations:
    ннннннннннннннннннннннннннннннннннннннннннннннннннннннннннннннннннннннннннннннннннннннннннннннннннннннннннннннннннннннннннннннннннннннннннннннннннннннннннннннннннннннннннннннннннннннннннннннннннннннннннннннннннннннннннннннннннннннннннннннннннннннннннннннннннннннннннннннннннннннннннннннннннннннннннннннннннннннннннннннннннннннннннннннннннннннннннннннннннннннннннннннннннннннннннннннннннннннннннннннннннннннннннннннннннннннннннннннннннннннннннннннннннннннннннннннннннннннннннннннннннннннннннннннннннннннннннннннннs>bTB
    ннннннннннннннннннннннннннннннннннннннннннннннннннннннннннннннннннннннннннннннннннннннннннннннннннннннннннннннннннннннннннннннннннннннннннннннннннннннннннннннннннннннннннннннннннннннннннннннннннннннннннннннннннннннннннннннннннннннннннннннннннннннннннннннннннннннннннннннннннннннннннннннннннннннннннннннннннннннннннннннннннннннннннннннннннннннннннннннннннннннннннннннннннннннннннннннннннннннннннннннннннннннннннннннннннннннннннннннннннннннннннннннннннннннннннннннннннннннннннннннннннннннннннннннннннннннннннннннннE
    ннннннннннннннннннннннннннннннннннннннннннннннннннннннннннннннннннннннннннннннннннннннннннннннннннннннннннннннннннннннннннннннннннннннннннннннннннннннннннннннннннннннннннннннннннннннннннннннннннннннннннннннннннннннннннннннннннннннннннннннннннннннннннннннннннннннннннннннннннннннннннннннннннннннннннннннннннннннннннннннннннннннннннннннннннннннннннннннннннннннннннннннннннннннннннннннннннннннннннннннннннннннннннннннннннннннннннннннннннннннннннннннннннннннннннннннннннннннннннннннннннннннннннннннннннннннннннннннннE
    ннннннннннннннннннннннннннннннннннннннннннннннннннннннннннннннннннннннннннннннннннннннннннннннннннннннннннннннннннннннннннннннннннннннннннннннннннннннннннннннннннннннннннннннннннннннннннннннннннннннннннннннннннннннннннннннннннннннннннннннннннннннннннннннннннннннннннннннннннннннннннннннннннннннннннннннннннннннннннннннннннннннннннннннннннннннннннннннннннннннннннннннннннннннннннннннннннннннннннннннннннннннннннннннннннннннннннннннннннннннннннннннннннннннннннннннннннннннннннннннннннннннннннннннннннннннннннннннннE
    нннннннннннннннннннннннннннннннннннннннннннннннннннннннннннннннннннннннннннннннннннннннннннннннннннннннннннннннннннннннннннннннннннннннннннннннннннннннннннннннннннннннннннннннннннннннннннннннннннннннннннннннннннннннннннннннннннннннннннннннннннннннннннннннннннннннннннннннннннннннннннннннннннннннннннннннннннннннннннннннннннннннннннннннннннннннннннннннннннннннннннннннннннннннннннннннннннннннннннннннннннннннннннннннннннннннннннннннннннннннннннннннннннннннннннннннннннннннннннннннннннннннннннннннннннннннн
    нннннннннннннннннннннннннннннннннннннннннннннннннннннннннннннннннннннннннннннннннннннннннннннннннннннннннннннннннннннннннннннннннннннннннннннннннннннннннннннннннннннннннннннннннннннннннннннннннннннннннннннннннннннннннннннннннннннннннннннннннннннннннннннннннннннннннннннннннннннннннннннннннннннннннннннннннннннннннннннннннннннннннннннннннннннннннннннннннннннннннннннннннннннннннннннннннннннннннннннннннннннннннннннннннннннннннннннннннннннннннннннннннннннннннннннннннннннннннннннннннннннннннннннннннннннннн
    нннннннннннннннннннннннннннннннннннннннннннннннннннннннннннннннннннннннннннннннннннннннннннннннннннннннннннннннннннннннннннннннннннннннннннннннннннннннннннннннннннннннннннннннннннннннннннннннннннннннннннннннннннннннннннннннннннннннннннннннннннннннннннннннннннннннннннннннннннннннннннннннннннннннннннннннннннннннннннннннннннннннннннннннннннннннннннннннннннннннннннннннннннннннннннннннннннннннннннннннннннннннннннннннннннннннннннннннннннннннннннннннннннннннннннннннннннннннннннннннннннннннннннннннннннннннн
    нннннннннннннннннннннннннннннннннннннннннннннннннннннннннннннннннннннннннннннннннннннннннннннннннннннннннннннннннннннннннннннннннннннннннннннннннннннннннннннннннннннннннннннннннннннннннннннннннннннннннннннннннннннннннннннннннннннннннннннннннннннннннннннннннннннннннннннннннннннннннннннннннннннннннннннннннннннннннннннннннннннннннннннннннннннннннннннннннннннннннннннннннннннннннннннннннннннннннннннннннннннннннннннннннннннннннннннннннннннннннннннннннннннннннннннннннннннннннннннннннннннннннннннннннннннннн
    нннннннннннннннннннннннннннннннннннннннннннннннннннннннннннннннннннннннннннннннннннннннннннннннннннннннннннннннннннннннннннннннннннннннннннннннннннннннннннннннннннннннннннннннннннннннннннннннннннннннннннннннннннннннннннннннннннннннннннннннннннннннннннннннннннннннннннннннннннннннннннннннннннннннннннннннннннннннннннннннннннннннннннннннннннннннннннннннннннннннннннннннннннннннннннннннннннннннннннннннннннннннннннннннннннннннннннннннннннннннннннннннннннннннннннннннннннннннннннннннннннннннннннннннннннннннн
    нннннннннннннннннннннннннннннннннннннннннннннннннннннннннннннннннннннннннннннннннннннннннннннннннннннннннннннннннннннннннннннннннннннннннннннннннннннннннннннннннннннннннннннннннннннннннннннннннннннннннннннннннннннннннннннннннннннннннннннннннннннннннннннннннннннннннннннннннннннннннннннннннннннннннннннннннннннннннннннннннннннннннннннннннннннннннннннннннннннннннннннннннннннннннннннннннннннннннннннннннннннннннннннннннннннннннннннннннннннннннннннннннннннннннннннннннннннннннннннннннннннннннннннннннннннннн
    нннннннннннннннннннннннннннннннннннннннннннннннннннннннннннннннннннннннннннннннннннннннннннннннннннннннннннннннннннннннннннннннннннннннннннннннннннннннннннннннннннннннннннннннннннннннннннннннннннннннннннннннннннннннннннннннннннннннннннннннннннннннннннннннннннннннннннннннннннннннннннннннннннннннннннннннннннннннннннннннннннннннннннннннннннннннннннннннннннннннннннннннннннннннннннннннннннннннннннннннннннннннннннннннннннннннннннннннннннннннннннннннннннннннннннннннннннннннннннннннннннннннннннннннннннннннн
    нннннннннннннннннннннннннннннннннннннннннннннннннннннннннннннннннннннннннннннннннннннннннннннннннннннннннннннннннннннннннннннннннннннннннннннннннннннннннннннннннннннннннннннннннннннннннннннннннннннннннннннннннннннннннннннннннннннннннннннннннннннннннннннннннннннннннннннннннннннннннннннннннннннннннннннннннннннннннннннннннннннннннннннннннннннннннннннннннннннннннннннннннннннннннннннннннннннннннннннннннннннннннннннннннннннннннннннннннннннннннннннннннннннннннннннннннннннннннннннннннннннннннннннннннннннннн
    нннннннннннннннннннннннннннннннннннннннннннннннннннннннннннннннннннннннннннннннннннннннннннннннннннннннннннннннннннннннннннннннннннннннннннннннннннннннннннннннннннннннннннннннннннннннннннннннннннннннннннннннннннннннннннннннннннннннннннннннннннннннннннннннннннннннннннннннннннннннннннннннннннннннннннннннннннннннннннннннннннннннннннннннннннннннннннннннннннннннннннннннннннннннннннннннннннннннннннннннннннннннннннннннннннннннннннннннннннннннннннннннннннннннннннннннннннннннннннннннннннннннннннннннннннннннн
    ннннннннннннннннннннннннннннннннннннннннннннннннннннннннннннннннннннннннннннннннннннннннннннннннннннннннннннннннннннннннннннннннннннннннннннннннннннннннннннннннннннннннннннннннннннннннннннннннннннннннннннннннннннннннннннннннннннннннннннннннннннннннннннннннннннннннннннннннннннннннннннннннннннннннннннннннннннннннннннннннннннннннннннннннннннннннннннннннннннннннннннннннннннннннннннннннннннннннннннннннннннннннннннннннннннннннннннннннннннннннннннннннннннннннннннннннннннннннннннннннннннннннннннннннннннннннocuments\KaFA'sИool Documents\Grade 11\ConneJavaSup: -pipe 920 932 556 263670
    JavaSup: -pipe 920 932 556 263670
    JavaSup: JVM Option: "-Djava.class.path=.;C:\Program Files (x86)\Ready to Program\Support\Ready Classes;C:\Program Files (x86)\Ready to Program\Support\Classes;C:\Program Files (x86)\Ready to Program\Support\Ready Classes\tools.jar;"
    JavaSup: JVM Option: "-Djava.library.path=C:\Program Files (x86)\Ready to Program\Support\Bin"
    JavaSup: JVM Option: "-enableassertions"
    JavaSup: JVM Option: "-Xdebug"
    JavaSup: JVM Option: "-Xrunjdwp:transport=dt_shmem,address=readyshmem,server=y,suspend=n"
  CMD: WM_ACTIVATE (W)
  CMD: WM_ACTIVATE (W)
  CMD: WM_CLOSE (W)
  CMD: WM_ACTIVATE (W)
  CMD: WM_ACTIVATE (W)
  CMD: WM_CLOSE (W)
  CMD: WM_ACTIVATE (W)
  CMD: WM_ACTIVATE (W)
  CMD: WM_ACTIVATE (W)
  CMD: WM_DESTROY (W)
  CMD: WM_DESTROY (D)


Registers
  EAX=206C6F6F  EBX=02915C30  ECX=02910BB8  EDX=02917840  ESI=02917838
  EDI=02910000  EBP=0019E598  ESP=0019E458  EIP=77882F6A  FLG=00010246
  CS=0023  DS=002B  SS=002B  ES=002B  FS=0053  GS=002B

List of Modules: 
    C:\Program Files (x86)\Ready to Program\Ready.exe
    C:\WINDOWS\SYSTEM32\ntdll.dll
    C:\WINDOWS\System32\KERNEL32.DLL
    C:\WINDOWS\System32\KERNELBASE.dll
    C:\WINDOWS\System32\USER32.dll
    C:\WINDOWS\System32\win32u.dll
    C:\WINDOWS\System32\GDI32.dll
    C:\WINDOWS\System32\gdi32full.dll
    C:\WINDOWS\System32\msvcp_win.dll
    C:\WINDOWS\System32\ucrtbase.dll
    C:\WINDOWS\System32\comdlg32.dll
    C:\WINDOWS\System32\msvcrt.dll
    C:\WINDOWS\System32\combase.dll
    C:\WINDOWS\System32\RPCRT4.dll
    C:\WINDOWS\System32\SspiCli.dll
    C:\WINDOWS\System32\CRYPTBASE.dll
    C:\WINDOWS\System32\bcryptPrimitives.dll
    C:\WINDOWS\System32\sechost.dll
    C:\WINDOWS\System32\shcore.dll
    C:\WINDOWS\System32\SHLWAPI.dll
    C:\WINDOWS\System32\SHELL32.dll
    C:\WINDOWS\System32\cfgmgr32.dll
    C:\WINDOWS\WinSxS\x86_microsoft.windows.common-controls_6595b64144ccf1df_5.82.17134.345_none_40ff7c964511edcf\COMCTL32.dll
    C:\WINDOWS\System32\windows.storage.dll
    C:\WINDOWS\System32\ADVAPI32.dll
    C:\WINDOWS\System32\kernel.appcore.dll
    C:\WINDOWS\System32\profapi.dll
    C:\WINDOWS\System32\powrprof.dll
    C:\WINDOWS\System32\FLTLIB.DLL
    C:\WINDOWS\SYSTEM32\VERSION.dll
    C:\WINDOWS\SYSTEM32\WINMM.dll
    C:\WINDOWS\SYSTEM32\winmmbase.dll
    C:\WINDOWS\System32\IMM32.DLL
    C:\WINDOWS\system32\uxtheme.dll
    C:\WINDOWS\System32\MSCTF.dll
    C:\WINDOWS\System32\OLEAUT32.dll
    C:\Program Files (x86)\Ready to Program\Support\Bin\edjdll.dll
    C:\Program Files (x86)\Ready to Program\Support\jre142_01\bin\client\jvm.dll
    C:\Program Files (x86)\Ready to Program\Support\jre142_01\bin\hpi.dll
    C:\Program Files (x86)\Ready to Program\Support\jre142_01\bin\verify.dll
    C:\Program Files (x86)\Ready to Program\Support\jre142_01\bin\java.dll
    C:\Program Files (x86)\Ready to Program\Support\jre142_01\bin\zip.dll
    C:\WINDOWS\System32\TextInputFramework.dll
    C:\WINDOWS\System32\CoreMessaging.dll
    C:\WINDOWS\System32\CoreUIComponents.dll
    C:\WINDOWS\SYSTEM32\wintypes.dll
    C:\WINDOWS\SYSTEM32\ntmarta.dll
    C:\WINDOWS\system32\dwmapi.dll
    C:\WINDOWS\system32\Oleacc.dll
    C:\WINDOWS\WinSxS\x86_microsoft.windows.common-controls_6595b64144ccf1df_6.0.17134.345_none_42efd13044e18c5e\comctl32.DLL
    C:\Program Files (x86)\Ready to Program\Support\jre142_01\bin\dt_shmem.dll
    C:\Program Files (x86)\Ready to Program\Support\jre142_01\bin\net.dll
    C:\WINDOWS\System32\WS2_32.dll
    C:\WINDOWS\system32\napinsp.dll
    C:\WINDOWS\system32\pnrpnsp.dll
    C:\WINDOWS\system32\NLAapi.dll
    C:\WINDOWS\System32\mswsock.dll
    C:\WINDOWS\SYSTEM32\DNSAPI.dll
    C:\WINDOWS\System32\NSI.dll
    C:\WINDOWS\SYSTEM32\IPHLPAPI.DLL
    C:\WINDOWS\System32\winrnr.dll
    C:\WINDOWS\System32\fwpuclnt.dll
    C:\WINDOWS\SYSTEM32\bcrypt.dll
    C:\Windows\System32\rasadhlp.dll
    C:\WINDOWS\system32\Ninput.dll
    C:\WINDOWS\System32\ole32.dll
    C:\WINDOWS\SYSTEM32\dbghelp.dll

  0 .V PC=0023:77882f6a Ret=77882312 Frame=0019e598 Stack=0019e458
    Parameters (0x02917610 0x02917618 0x0019fef0 0x0019e6a0)
    Unknown module, RtlGetCurrentServiceSessionId() + 2330 byte(s)
  1 .V PC=0023:77882312 Ret=0052fa05 Frame=0019e5ec Stack=0019e5a0
    Parameters (0x02910000 0x00000000 0x02917618 0x0019fef0)
    Unknown module, RtlFreeHeap() + 0546 byte(s)
  2 .V PC=0023:0052fa05 Ret=005250a7 Frame=0019e634 Stack=0019e5f4
    Parameters (0x02917618 0x0019fef0 0x0019e6a0 0x00224000)
    free.c, _free_base (), Line 0096+0000 byte(s)
  3 .V PC=0023:005250a7 Ret=00524cc1 Frame=0019e650 Stack=0019e63c
    Parameters (0x02917638 0x00000001 0x0019fef0 0x0019e6a0)
    dbgheap.c, _free_dbg_lk (), Line 1116+0009 byte(s)
  4 .V PC=0023:00524cc1 Ret=00414cc7 Frame=0019e684 Stack=0019e658
    Parameters (0x02917638 0x00000001 0x0000000d 0x0019fef0)
    dbgheap.c, _free_dbg (), Line 1001+0013 byte(s)
  5 .V PC=0023:00414cc7 Ret=0040172b Frame=0019e698 Stack=0019e68c
    Parameters (0x0052bb70 0x0052bb70 0xcccccccc 0xcccccccc)
    src\edfail.c, EdFail_Finalize (), Line 0157+0018 byte(s)
  6 .V PC=0023:0040172b Ret=0052bc96 Frame=0019fef0 Stack=0019e6a0
    Parameters (0x00400000 0x00000000 0x008a3a2c 0x00000001)
    src\ed.c, WinMain (), Line 0486+0000 byte(s)
  7 .V PC=0023:0052bc96 Ret=75f08484 Frame=0019ff80 Stack=0019fef8
    Parameters (0x00224000 0x75f08460 0xe4c95c02 0x0019ffdc)
    crt0.c, WinMainCRTStartup (), Line 0198+0054 byte(s)
  8 .V PC=0023:75f08484 Ret=778a305a Frame=0019ff94 Stack=0019ff88
    Parameters (0x00224000 0x41e6ded6 0x00000000 0x00000000)
    Unknown module, BaseThreadInitThunk() + 0036 byte(s)
  9 .V PC=0023:778a305a Ret=778a302a Frame=0019ffdc Stack=0019ff9c
    Parameters (0xffffffff 0x778becba 0x00000000 0x00000000)
    Unknown module, RtlValidSecurityDescriptor() + 0282 byte(s)
 10 .V PC=0023:778a302a Ret=00000000 Frame=0019ffec Stack=0019ffe4
    Parameters (0x0052bb70 0x00224000 0x00000000 0x78746341)
    Unknown module, RtlValidSecurityDescriptor() + 0234 byte(s)

------------------------------------------------------
